[2022-02-21 19:05:17.513] [exthost] [info] Extension host with pid 4836 started
[2022-02-21 19:05:18.273] [exthost] [info] ExtensionService#_doActivateExtension vscode.microsoft-authentication, startup: false, activationEvent: 'onAuthenticationRequest:microsoft'
[2022-02-21 19:05:18.892] [exthost] [info] ExtensionService#_doActivateExtension vscode.debug-auto-launch, startup: true, activationEvent: '*'
[2022-02-21 19:05:18.940] [exthost] [info] ExtensionService#_doActivateExtension vscode.git-base, startup: true, activationEvent: '*', root cause: vscode.github
[2022-02-21 19:05:19.193] [exthost] [info] ExtensionService#_doActivateExtension vscode.git, startup: true, activationEvent: '*'
[2022-02-21 19:05:19.742] [exthost] [info] ExtensionService#_doActivateExtension vscode.github, startup: true, activationEvent: '*'
[2022-02-21 19:05:20.252] [exthost] [info] Eager extensions activated
[2022-02-21 19:05:20.304] [exthost] [info] ExtensionService#_doActivateExtension vscode.emmet, startup: false, activationEvent: 'onStartupFinished'
[2022-02-21 19:05:20.454] [exthost] [info] ExtensionService#_doActivateExtension vscode.merge-conflict, startup: false, activationEvent: 'onStartupFinished'
[2022-02-21 19:05:21.679] [exthost] [info] ExtensionService#_doActivateExtension vscode.github-authentication, startup: false, activationEvent: 'onAuthenticationRequest:github'
[2022-02-21 19:05:26.056] [exthost] [info] extension host terminating: renderer closed the socket
[2022-02-21 19:05:26.078] [exthost] [info] Extension host with pid 4836 exiting with code 0
[2022-02-21 19:05:34.516] [exthost] [info] Extension host with pid 4911 started
[2022-02-21 19:05:34.523] [exthost] [info] Skipping acquiring lock for /var/www/html/wordpress/wp-content/themes/ap-temafill/~/.vscode-root/User/workspaceStorage/f2cfc2bd9e4b6cfec9f6f31ffd974b01.
[2022-02-21 19:05:34.924] [exthost] [info] ExtensionService#_doActivateExtension vscode.microsoft-authentication, startup: false, activationEvent: 'onAuthenticationRequest:microsoft'
[2022-02-21 19:05:35.270] [exthost] [info] ExtensionService#_doActivateExtension vscode.debug-auto-launch, startup: true, activationEvent: '*'
[2022-02-21 19:05:35.289] [exthost] [info] ExtensionService#_doActivateExtension vscode.git-base, startup: true, activationEvent: '*', root cause: vscode.github
[2022-02-21 19:05:35.859] [exthost] [info] ExtensionService#_doActivateExtension vscode.github, startup: true, activationEvent: '*'
[2022-02-21 19:05:35.950] [exthost] [info] ExtensionService#_doActivateExtension vscode.git, startup: false, activationEvent: '*'
[2022-02-21 19:05:36.490] [exthost] [info] Eager extensions activated
[2022-02-21 19:05:36.506] [exthost] [info] ExtensionService#_doActivateExtension vscode.emmet, startup: false, activationEvent: 'onStartupFinished'
[2022-02-21 19:05:36.585] [exthost] [info] ExtensionService#_doActivateExtension vscode.merge-conflict, startup: false, activationEvent: 'onStartupFinished'
[2022-02-21 19:05:37.072] [exthost] [info] ExtensionService#_doActivateExtension vscode.github-authentication, startup: false, activationEvent: 'onAuthenticationRequest:github'
[2022-02-21 19:05:44.325] [exthost] [info] ExtensionService#_doActivateExtension vscode.php-language-features, startup: false, activationEvent: 'onLanguage:php'
[2022-02-21 19:19:58.637] [exthost] [info] ExtensionService#_doActivateExtension vscode.css-language-features, startup: false, activationEvent: 'onLanguage:css'
